<?xml version="1.0" encoding="UTF-8"?>
<!-- Generated by org.testng.reporters.JUnitReportReporter -->
<testsuite hostname="DTAL14" name="myPackage.Googly" tests="1" failures="0" timestamp="5 Oct 2016 09:31:31 GMT" time="24.839" errors="0">
  <testcase name="openBrowser" time="24.839" classname="myPackage.Googly"/>
</testsuite> <!-- myPackage.Googly -->
